<?xml version="1.0" encoding="UTF-8"?>
<!-- Generated by org.testng.reporters.JUnitXMLReporter -->
<testsuite ignored="0" hostname="DESKTOP-7ITE2N0" failures="3" tests="3" name="Test" time="0.441" errors="0" timestamp="2023-06-20T18:50:10 IST">
  <testcase classname="testClassPackage.Post_TC_1" name="execute" time="0.118">
    <failure type="java.io.FileNotFoundException" message="Users\ADMIN\Desktop\IB\Git\Uploads\New folder\API_TC2.xlsx (The system cannot find the path specified)">
      <![CDATA[java.io.FileNotFoundException: Users\ADMIN\Desktop\IB\Git\Uploads\New folder\API_TC2.xlsx (The system cannot find the path specified)
at java.base/java.io.FileInputStream.open0(Native Method)
at java.base/java.io.FileInputStream.open(FileInputStream.java:216)
at java.base/java.io.FileInputStream.<init>(FileInputStream.java:157)
at java.base/java.io.FileInputStream.<init>(FileInputStream.java:111)
at commonFunctionPackage.Utility_Common_Function.ReadDataExcel(Utility_Common_Function.java:35)
at requestRepositoryPackage.Post_req_repository.Post_TC1(Post_req_repository.java:31)
at testClassPackage.Post_TC_1.execute(Post_TC_1.java:18)
at java.base/java.util.ArrayList.forEach(ArrayList.java:1511)
... Removed 27 stack frames]]>
    </failure>
  </testcase> <!-- execute -->
  <testcase classname="testClassPackage.Post_TC_2" name="execute" time="0.005">
    <failure type="java.io.FileNotFoundException" message="Users\ADMIN\Desktop\IB\Git\Uploads\New folder\API_TC2.xlsx (The system cannot find the path specified)">
      <![CDATA[java.io.FileNotFoundException: Users\ADMIN\Desktop\IB\Git\Uploads\New folder\API_TC2.xlsx (The system cannot find the path specified)
at java.base/java.io.FileInputStream.open0(Native Method)
at java.base/java.io.FileInputStream.open(FileInputStream.java:216)
at java.base/java.io.FileInputStream.<init>(FileInputStream.java:157)
at java.base/java.io.FileInputStream.<init>(FileInputStream.java:111)
at commonFunctionPackage.Utility_Common_Function.ReadDataExcel(Utility_Common_Function.java:35)
at requestRepositoryPackage.Post_req_repository.Post_TC2(Post_req_repository.java:46)
at testClassPackage.Post_TC_2.execute(Post_TC_2.java:18)
at java.base/java.util.ArrayList.forEach(ArrayList.java:1511)
... Removed 27 stack frames]]>
    </failure>
  </testcase> <!-- execute -->
  <testcase classname="testClassPackage.Post_TC_3" name="execute" time="0.006">
    <failure type="java.io.FileNotFoundException" message="Users\ADMIN\Desktop\IB\Git\Uploads\New folder\API_TC2.xlsx (The system cannot find the path specified)">
      <![CDATA[java.io.FileNotFoundException: Users\ADMIN\Desktop\IB\Git\Uploads\New folder\API_TC2.xlsx (The system cannot find the path specified)
at java.base/java.io.FileInputStream.open0(Native Method)
at java.base/java.io.FileInputStream.open(FileInputStream.java:216)
at java.base/java.io.FileInputStream.<init>(FileInputStream.java:157)
at java.base/java.io.FileInputStream.<init>(FileInputStream.java:111)
at commonFunctionPackage.Utility_Common_Function.ReadDataExcel(Utility_Common_Function.java:35)
at requestRepositoryPackage.Post_req_repository.Post_TC3(Post_req_repository.java:62)
at testClassPackage.Post_TC_3.execute(Post_TC_3.java:18)
at java.base/java.util.ArrayList.forEach(ArrayList.java:1511)
... Removed 27 stack frames]]>
    </failure>
  </testcase> <!-- execute -->
</testsuite> <!-- Test -->
